This file contains any messages produced by compilers while
running configure, to aid debugging if configure makes a mistake.

It was created by BoNeSi configure 0.3.1, which was
generated by GNU Autoconf 2.69.  Invocation command line was

  $ ./configure 

## --------- ##
## Platform. ##
## --------- ##

hostname = Harry-SNS
uname -m = x86_64
uname -r = 5.4.0-51-generic
uname -s = Linux
uname -v = #56~18.04.1-Ubuntu SMP Tue Oct 6 09:47:18 UTC 2020

/usr/bin/uname -p = unknown
/bin/uname -X     = unknown

/bin/arch              = unknown
/usr/bin/arch -k       = unknown
/usr/convex/getsysinfo = unknown
/usr/bin/hostinfo      = unknown
/bin/machine           = unknown
/usr/bin/oslevel       = unknown
/bin/universe          = unknown

PATH: /home/harry/.sdkman/candidates/java/current/bin
PATH: /home/harry/gems/bin
PATH: /opt/kafka2.13/kafka_2.13-2.5.0//bin
PATH: /home/harry/Documents
PATH: /opt/zeppelin-0.8.2/zeppelin-0.8.2-bin-all/bin
PATH: /opt/eclipse/cpp-2019-12/eclipse
PATH: /opt/jdk/jdk1.8.0_241/jre
PATH: /opt/jdk/jdk1.8.0_241
PATH: /opt/jdk/jdk1.8.0_241/jre/bin
PATH: /opt/jdk/jdk1.8.0_241/bin
PATH: /opt/scala2.13.0/scala-2.13.0/bin
PATH: /opt/spark2.4.5/spark-2.4.5-bin-hadoop2.7/bin
PATH: /usr/local/cuda/bin
PATH: /usr/lib/
PATH: /home/harry/anaconda3/bin
PATH: /home/harry/anaconda3/condabin
PATH: /opt/hadoop3.1.2/hadoop-3.1.2/bin
PATH: /opt/hadoop3.1.2/hadoop-3.1.2/sbin
PATH: /home/harry/.local/bin
PATH: /home/harry/bin
PATH: /usr/local/sbin
PATH: /usr/local/bin
PATH: /usr/sbin
PATH: /usr/bin
PATH: /sbin
PATH: /bin
PATH: /usr/games
PATH: /usr/local/games
PATH: /usr/local/hadoop/bin
PATH: /usr/local/hadoop/sbin
PATH: /usr/local/hadoop/sbin"JAVA_HOME="/opt/jdk/jdk1.8.0_241/jre
PATH: /snap/bin
PATH: /opt/tableau/tableau_server/packages/customer-bin.20201.20.0427.1803


## ----------- ##
## Core tests. ##
## ----------- ##

configure:2308: checking for a BSD-compatible install
configure:2376: result: /usr/bin/install -c
configure:2387: checking whether build environment is sane
configure:2442: result: yes
configure:2593: checking for a thread-safe mkdir -p
configure:2632: result: /bin/mkdir -p
configure:2639: checking for gawk
configure:2655: found /usr/bin/gawk
configure:2666: result: gawk
configure:2677: checking whether make sets $(MAKE)
configure:2699: result: yes
configure:2728: checking whether make supports nested variables
configure:2745: result: yes
configure:3017: checking that generated files are newer than configure
configure:3023: result: done
configure:3031: creating ./config.status

## ---------------------- ##
## Running config.status. ##
## ---------------------- ##

This file was extended by BoNeSi config.status 0.3.1, which was
generated by GNU Autoconf 2.69.  Invocation command line was

  CONFIG_FILES    = 
  CONFIG_HEADERS  = 
  CONFIG_LINKS    = 
  CONFIG_COMMANDS = 
  $ ./config.status 

on Harry-SNS

config.status:767: creating Makefile
config.status:767: creating src/Makefile
config.status:767: creating man/Makefile
configure:4106: checking for gcc
configure:4122: found /usr/bin/gcc
configure:4133: result: gcc
configure:4362: checking for C compiler version
configure:4371: gcc --version >&5
gcc (Ubuntu 7.5.0-3ubuntu1~18.04) 7.5.0
Copyright (C) 2017 Free Software Foundation, Inc.
This is free software; see the source for copying conditions.  There is NO
warranty; not even for MERCHANTABILITY or FITNESS FOR A PARTICULAR PURPOSE.

configure:4382: $? = 0
configure:4371: gcc -v >&5
Using built-in specs.
COLLECT_GCC=gcc
COLLECT_LTO_WRAPPER=/usr/lib/gcc/x86_64-linux-gnu/7/lto-wrapper
OFFLOAD_TARGET_NAMES=nvptx-none
OFFLOAD_TARGET_DEFAULT=1
Target: x86_64-linux-gnu
Configured with: ../src/configure -v --with-pkgversion='Ubuntu 7.5.0-3ubuntu1~18.04' --with-bugurl=file:///usr/share/doc/gcc-7/README.Bugs --enable-languages=c,ada,c++,go,brig,d,fortran,objc,obj-c++ --prefix=/usr --with-gcc-major-version-only --program-suffix=-7 --program-prefix=x86_64-linux-gnu- --enable-shared --enable-linker-build-id --libexecdir=/usr/lib --without-included-gettext --enable-threads=posix --libdir=/usr/lib --enable-nls --enable-bootstrap --enable-clocale=gnu --enable-libstdcxx-debug --enable-libstdcxx-time=yes --with-default-libstdcxx-abi=new --enable-gnu-unique-object --disable-vtable-verify --enable-libmpx --enable-plugin --enable-default-pie --with-system-zlib --with-target-system-zlib --enable-objc-gc=auto --enable-multiarch --disable-werror --with-arch-32=i686 --with-abi=m64 --with-multilib-list=m32,m64,mx32 --enable-multilib --with-tune=generic --enable-offload-targets=nvptx-none --without-cuda-driver --enable-checking=release --build=x86_64-linux-gnu --host=x86_64-linux-gnu --target=x86_64-linux-gnu
Thread model: posix
gcc version 7.5.0 (Ubuntu 7.5.0-3ubuntu1~18.04) 
configure:4382: $? = 0
configure:4371: gcc -V >&5
gcc: error: unrecognized command line option '-V'
gcc: fatal error: no input files
compilation terminated.
configure:4382: $? = 1
configure:4371: gcc -qversion >&5
gcc: error: unrecognized command line option '-qversion'; did you mean '--version'?
gcc: fatal error: no input files
compilation terminated.
configure:4382: $? = 1
configure:4402: checking whether the C compiler works
configure:4424: gcc    conftest.c  >&5
configure:4428: $? = 0
configure:4476: result: yes
configure:4479: checking for C compiler default output file name
configure:4481: result: a.out
configure:4487: checking for suffix of executables
configure:4494: gcc -o conftest    conftest.c  >&5
configure:4498: $? = 0
configure:4520: result: 
configure:4542: checking whether we are cross compiling
configure:4550: gcc -o conftest    conftest.c  >&5
configure:4554: $? = 0
configure:4561: ./conftest
configure:4565: $? = 0
configure:4580: result: no
configure:4585: checking for suffix of object files
configure:4607: gcc -c   conftest.c >&5
configure:4611: $? = 0
configure:4632: result: o
configure:4636: checking whether we are using the GNU C compiler
configure:4655: gcc -c   conftest.c >&5
configure:4655: $? = 0
configure:4664: result: yes
configure:4673: checking whether gcc accepts -g
configure:4693: gcc -c -g  conftest.c >&5
configure:4693: $? = 0
configure:4734: result: yes
configure:4751: checking for gcc option to accept ISO C89
configure:4814: gcc  -c -g -O2  conftest.c >&5
configure:4814: $? = 0
configure:4827: result: none needed
configure:4852: checking whether gcc understands -c and -o together
configure:4874: gcc -c conftest.c -o conftest2.o
configure:4877: $? = 0
configure:4874: gcc -c conftest.c -o conftest2.o
configure:4877: $? = 0
configure:4889: result: yes
configure:4917: checking for style of include used by make
configure:4945: result: GNU
configure:4971: checking dependency style of gcc
configure:5082: result: gcc3
configure:5100: checking for pcap_open_live in -lpcap
configure:5125: gcc -o conftest -g -O2   conftest.c -lpcap   >&5
configure:5125: $? = 0
configure:5134: result: yes
configure:5145: checking for pthread_create in -lpthread
configure:5170: gcc -o conftest -g -O2   conftest.c -lpthread  -lpcap  >&5
configure:5170: $? = 0
configure:5179: result: yes
configure:5190: checking for libnet_init in -lnet
configure:5215: gcc -o conftest -g -O2   conftest.c -lnet  -lpthread -lpcap  >&5
configure:5215: $? = 0
configure:5224: result: yes
configure:5242: checking how to run the C preprocessor
configure:5273: gcc -E  conftest.c
configure:5273: $? = 0
configure:5287: gcc -E  conftest.c
conftest.c:14:10: fatal error: ac_nonexistent.h: No such file or directory
 #include <ac_nonexistent.h>
          ^~~~~~~~~~~~~~~~~~
compilation terminated.
configure:5287: $? = 1
configure: failed program was:
| /* confdefs.h */
| #define PACKAGE_NAME "BoNeSi"
| #define PACKAGE_TARNAME "bonesi"
| #define PACKAGE_VERSION "0.3.1"
| #define PACKAGE_STRING "BoNeSi 0.3.1"
| #define PACKAGE_BUGREPORT "Markus-Go@users.noreply.github.com"
| #define PACKAGE_URL ""
| #define PACKAGE "bonesi"
| #define VERSION "0.3.1"
| #define HAVE_LIBPCAP 1
| #define HAVE_LIBPTHREAD 1
| #define HAVE_LIBNET 1
| /* end confdefs.h.  */
| #include <ac_nonexistent.h>
configure:5312: result: gcc -E
configure:5332: gcc -E  conftest.c
configure:5332: $? = 0
configure:5346: gcc -E  conftest.c
conftest.c:14:10: fatal error: ac_nonexistent.h: No such file or directory
 #include <ac_nonexistent.h>
          ^~~~~~~~~~~~~~~~~~
compilation terminated.
configure:5346: $? = 1
configure: failed program was:
| /* confdefs.h */
| #define PACKAGE_NAME "BoNeSi"
| #define PACKAGE_TARNAME "bonesi"
| #define PACKAGE_VERSION "0.3.1"
| #define PACKAGE_STRING "BoNeSi 0.3.1"
| #define PACKAGE_BUGREPORT "Markus-Go@users.noreply.github.com"
| #define PACKAGE_URL ""
| #define PACKAGE "bonesi"
| #define VERSION "0.3.1"
| #define HAVE_LIBPCAP 1
| #define HAVE_LIBPTHREAD 1
| #define HAVE_LIBNET 1
| /* end confdefs.h.  */
| #include <ac_nonexistent.h>
configure:5375: checking for grep that handles long lines and -e
configure:5433: result: /bin/grep
configure:5438: checking for egrep
configure:5500: result: /bin/grep -E
configure:5505: checking for ANSI C header files
configure:5525: gcc -c -g -O2  conftest.c >&5
configure:5525: $? = 0
configure:5598: gcc -o conftest -g -O2   conftest.c -lnet -lpthread -lpcap  >&5
configure:5598: $? = 0
configure:5598: ./conftest
configure:5598: $? = 0
configure:5609: result: yes
configure:5622: checking for sys/types.h
configure:5622: gcc -c -g -O2  conftest.c >&5
configure:5622: $? = 0
configure:5622: result: yes
configure:5622: checking for sys/stat.h
configure:5622: gcc -c -g -O2  conftest.c >&5
configure:5622: $? = 0
configure:5622: result: yes
configure:5622: checking for stdlib.h
configure:5622: gcc -c -g -O2  conftest.c >&5
configure:5622: $? = 0
configure:5622: result: yes
configure:5622: checking for string.h
configure:5622: gcc -c -g -O2  conftest.c >&5
configure:5622: $? = 0
configure:5622: result: yes
configure:5622: checking for memory.h
configure:5622: gcc -c -g -O2  conftest.c >&5
configure:5622: $? = 0
configure:5622: result: yes
configure:5622: checking for strings.h
configure:5622: gcc -c -g -O2  conftest.c >&5
configure:5622: $? = 0
configure:5622: result: yes
configure:5622: checking for inttypes.h
configure:5622: gcc -c -g -O2  conftest.c >&5
configure:5622: $? = 0
configure:5622: result: yes
configure:5622: checking for stdint.h
configure:5622: gcc -c -g -O2  conftest.c >&5
configure:5622: $? = 0
configure:5622: result: yes
configure:5622: checking for unistd.h
configure:5622: gcc -c -g -O2  conftest.c >&5
configure:5622: $? = 0
configure:5622: result: yes
configure:5637: checking for stdlib.h
configure:5637: result: yes
configure:5637: checking for string.h
configure:5637: result: yes
configure:5637: checking for unistd.h
configure:5637: result: yes
configure:5637: checking pthread.h usability
configure:5637: gcc -c -g -O2  conftest.c >&5
configure:5637: $? = 0
configure:5637: result: yes
configure:5637: checking pthread.h presence
configure:5637: gcc -E  conftest.c
configure:5637: $? = 0
configure:5637: result: yes
configure:5637: checking for pthread.h
configure:5637: result: yes
configure:5637: checking pcap.h usability
configure:5637: gcc -c -g -O2  conftest.c >&5
configure:5637: $? = 0
configure:5637: result: yes
configure:5637: checking pcap.h presence
configure:5637: gcc -E  conftest.c
configure:5637: $? = 0
configure:5637: result: yes
configure:5637: checking for pcap.h
configure:5637: result: yes
configure:5637: checking libnet.h usability
configure:5637: gcc -c -g -O2  conftest.c >&5
configure:5637: $? = 0
configure:5637: result: yes
configure:5637: checking libnet.h presence
configure:5637: gcc -E  conftest.c
configure:5637: $? = 0
configure:5637: result: yes
configure:5637: checking for libnet.h
configure:5637: result: yes
configure:5651: checking for an ANSI C-conforming const
configure:5717: gcc -c -g -O2  conftest.c >&5
configure:5717: $? = 0
configure:5724: result: yes
configure:5732: checking for inline
configure:5748: gcc -c -g -O2  conftest.c >&5
configure:5748: $? = 0
configure:5756: result: inline
configure:5774: checking for size_t
configure:5774: gcc -c -g -O2  conftest.c >&5
configure:5774: $? = 0
configure:5774: gcc -c -g -O2  conftest.c >&5
conftest.c: In function 'main':
conftest.c:66:21: error: expected expression before ')' token
 if (sizeof ((size_t)))
                     ^
configure:5774: $? = 1
configure: failed program was:
| /* confdefs.h */
| #define PACKAGE_NAME "BoNeSi"
| #define PACKAGE_TARNAME "bonesi"
| #define PACKAGE_VERSION "0.3.1"
| #define PACKAGE_STRING "BoNeSi 0.3.1"
| #define PACKAGE_BUGREPORT "Markus-Go@users.noreply.github.com"
| #define PACKAGE_URL ""
| #define PACKAGE "bonesi"
| #define VERSION "0.3.1"
| #define HAVE_LIBPCAP 1
| #define HAVE_LIBPTHREAD 1
| #define HAVE_LIBNET 1
| #define STDC_HEADERS 1
| #define HAVE_SYS_TYPES_H 1
| #define HAVE_SYS_STAT_H 1
| #define HAVE_STDLIB_H 1
| #define HAVE_STRING_H 1
| #define HAVE_MEMORY_H 1
| #define HAVE_STRINGS_H 1
| #define HAVE_INTTYPES_H 1
| #define HAVE_STDINT_H 1
| #define HAVE_UNISTD_H 1
| #define HAVE_STDLIB_H 1
| #define HAVE_STRING_H 1
| #define HAVE_UNISTD_H 1
| #define HAVE_PTHREAD_H 1
| #define HAVE_PCAP_H 1
| #define HAVE_LIBNET_H 1
| /* end confdefs.h.  */
| #include <stdio.h>
| #ifdef HAVE_SYS_TYPES_H
| # include <sys/types.h>
| #endif
| #ifdef HAVE_SYS_STAT_H
| # include <sys/stat.h>
| #endif
| #ifdef STDC_HEADERS
| # include <stdlib.h>
| # include <stddef.h>
| #else
| # ifdef HAVE_STDLIB_H
| #  include <stdlib.h>
| # endif
| #endif
| #ifdef HAVE_STRING_H
| # if !defined STDC_HEADERS && defined HAVE_MEMORY_H
| #  include <memory.h>
| # endif
| # include <string.h>
| #endif
| #ifdef HAVE_STRINGS_H
| # include <strings.h>
| #endif
| #ifdef HAVE_INTTYPES_H
| # include <inttypes.h>
| #endif
| #ifdef HAVE_STDINT_H
| # include <stdint.h>
| #endif
| #ifdef HAVE_UNISTD_H
| # include <unistd.h>
| #endif
| int
| main ()
| {
| if (sizeof ((size_t)))
| 	    return 0;
|   ;
|   return 0;
| }
configure:5774: result: yes
configure:5785: checking for ssize_t
configure:5785: gcc -c -g -O2  conftest.c >&5
configure:5785: $? = 0
configure:5785: gcc -c -g -O2  conftest.c >&5
conftest.c: In function 'main':
conftest.c:66:22: error: expected expression before ')' token
 if (sizeof ((ssize_t)))
                      ^
configure:5785: $? = 1
configure: failed program was:
| /* confdefs.h */
| #define PACKAGE_NAME "BoNeSi"
| #define PACKAGE_TARNAME "bonesi"
| #define PACKAGE_VERSION "0.3.1"
| #define PACKAGE_STRING "BoNeSi 0.3.1"
| #define PACKAGE_BUGREPORT "Markus-Go@users.noreply.github.com"
| #define PACKAGE_URL ""
| #define PACKAGE "bonesi"
| #define VERSION "0.3.1"
| #define HAVE_LIBPCAP 1
| #define HAVE_LIBPTHREAD 1
| #define HAVE_LIBNET 1
| #define STDC_HEADERS 1
| #define HAVE_SYS_TYPES_H 1
| #define HAVE_SYS_STAT_H 1
| #define HAVE_STDLIB_H 1
| #define HAVE_STRING_H 1
| #define HAVE_MEMORY_H 1
| #define HAVE_STRINGS_H 1
| #define HAVE_INTTYPES_H 1
| #define HAVE_STDINT_H 1
| #define HAVE_UNISTD_H 1
| #define HAVE_STDLIB_H 1
| #define HAVE_STRING_H 1
| #define HAVE_UNISTD_H 1
| #define HAVE_PTHREAD_H 1
| #define HAVE_PCAP_H 1
| #define HAVE_LIBNET_H 1
| /* end confdefs.h.  */
| #include <stdio.h>
| #ifdef HAVE_SYS_TYPES_H
| # include <sys/types.h>
| #endif
| #ifdef HAVE_SYS_STAT_H
| # include <sys/stat.h>
| #endif
| #ifdef STDC_HEADERS
| # include <stdlib.h>
| # include <stddef.h>
| #else
| # ifdef HAVE_STDLIB_H
| #  include <stdlib.h>
| # endif
| #endif
| #ifdef HAVE_STRING_H
| # if !defined STDC_HEADERS && defined HAVE_MEMORY_H
| #  include <memory.h>
| # endif
| # include <string.h>
| #endif
| #ifdef HAVE_STRINGS_H
| # include <strings.h>
| #endif
| #ifdef HAVE_INTTYPES_H
| # include <inttypes.h>
| #endif
| #ifdef HAVE_STDINT_H
| # include <stdint.h>
| #endif
| #ifdef HAVE_UNISTD_H
| # include <unistd.h>
| #endif
| int
| main ()
| {
| if (sizeof ((ssize_t)))
| 	    return 0;
|   ;
|   return 0;
| }
configure:5785: result: yes
configure:5796: checking whether time.h and sys/time.h may both be included
configure:5816: gcc -c -g -O2  conftest.c >&5
configure:5816: $? = 0
configure:5823: result: yes
configure:5831: checking for uint32_t
configure:5831: gcc -c -g -O2  conftest.c >&5
configure:5831: $? = 0
configure:5831: result: yes
configure:5849: checking for stdlib.h
configure:5849: result: yes
configure:5859: checking for GNU libc compatible malloc
configure:5883: gcc -o conftest -g -O2   conftest.c -lnet -lpthread -lpcap  >&5
configure:5883: $? = 0
configure:5883: ./conftest
configure:5883: $? = 0
configure:5893: result: yes
configure:5917: checking for bzero
configure:5917: gcc -o conftest -g -O2   conftest.c -lnet -lpthread -lpcap  >&5
conftest.c:56:6: warning: conflicting types for built-in function 'bzero' [-Wbuiltin-declaration-mismatch]
 char bzero ();
      ^~~~~
configure:5917: $? = 0
configure:5917: result: yes
configure:5917: checking for gettimeofday
configure:5917: gcc -o conftest -g -O2   conftest.c -lnet -lpthread -lpcap  >&5
configure:5917: $? = 0
configure:5917: result: yes
configure:5917: checking for strncasecmp
configure:5917: gcc -o conftest -g -O2   conftest.c -lnet -lpthread -lpcap  >&5
conftest.c:58:6: warning: conflicting types for built-in function 'strncasecmp' [-Wbuiltin-declaration-mismatch]
 char strncasecmp ();
      ^~~~~~~~~~~
configure:5917: $? = 0
configure:5917: result: yes
configure:5917: checking for strrchr
configure:5917: gcc -o conftest -g -O2   conftest.c -lnet -lpthread -lpcap  >&5
conftest.c:59:6: warning: conflicting types for built-in function 'strrchr' [-Wbuiltin-declaration-mismatch]
 char strrchr ();
      ^~~~~~~
configure:5917: $? = 0
configure:5917: result: yes
configure:6035: checking that generated files are newer than configure
configure:6041: result: done
configure:6064: creating ./config.status

## ---------------------- ##
## Running config.status. ##
## ---------------------- ##

This file was extended by BoNeSi config.status 0.3.1, which was
generated by GNU Autoconf 2.69.  Invocation command line was

  CONFIG_FILES    = 
  CONFIG_HEADERS  = 
  CONFIG_LINKS    = 
  CONFIG_COMMANDS = 
  $ ./config.status 

on Harry-SNS

config.status:871: creating Makefile
config.status:871: creating src/Makefile
config.status:871: creating man/Makefile
config.status:871: creating config.h
config.status:1052: config.h is unchanged
config.status:1100: executing depfiles commands

## ---------------- ##
## Cache variables. ##
## ---------------- ##

ac_cv_c_compiler_gnu=yes
ac_cv_c_const=yes
ac_cv_c_inline=inline
ac_cv_c_uint32_t=yes
ac_cv_env_CC_set=
ac_cv_env_CC_value=
ac_cv_env_CFLAGS_set=
ac_cv_env_CFLAGS_value=
ac_cv_env_CPPFLAGS_set=
ac_cv_env_CPPFLAGS_value=
ac_cv_env_CPP_set=
ac_cv_env_CPP_value=
ac_cv_env_LDFLAGS_set=
ac_cv_env_LDFLAGS_value=
ac_cv_env_LIBS_set=
ac_cv_env_LIBS_value=
ac_cv_env_build_alias_set=
ac_cv_env_build_alias_value=
ac_cv_env_host_alias_set=
ac_cv_env_host_alias_value=
ac_cv_env_target_alias_set=
ac_cv_env_target_alias_value=
ac_cv_func_bzero=yes
ac_cv_func_gettimeofday=yes
ac_cv_func_malloc_0_nonnull=yes
ac_cv_func_strncasecmp=yes
ac_cv_func_strrchr=yes
ac_cv_header_inttypes_h=yes
ac_cv_header_libnet_h=yes
ac_cv_header_memory_h=yes
ac_cv_header_pcap_h=yes
ac_cv_header_pthread_h=yes
ac_cv_header_stdc=yes
ac_cv_header_stdint_h=yes
ac_cv_header_stdlib_h=yes
ac_cv_header_string_h=yes
ac_cv_header_strings_h=yes
ac_cv_header_sys_stat_h=yes
ac_cv_header_sys_types_h=yes
ac_cv_header_time=yes
ac_cv_header_unistd_h=yes
ac_cv_lib_net_libnet_init=yes
ac_cv_lib_pcap_pcap_open_live=yes
ac_cv_lib_pthread_pthread_create=yes
ac_cv_objext=o
ac_cv_path_EGREP='/bin/grep -E'
ac_cv_path_GREP=/bin/grep
ac_cv_path_install='/usr/bin/install -c'
ac_cv_path_mkdir=/bin/mkdir
ac_cv_prog_AWK=gawk
ac_cv_prog_CPP='gcc -E'
ac_cv_prog_ac_ct_CC=gcc
ac_cv_prog_cc_c89=
ac_cv_prog_cc_g=yes
ac_cv_prog_make_make_set=yes
ac_cv_type_size_t=yes
ac_cv_type_ssize_t=yes
am_cv_CC_dependencies_compiler_type=gcc3
am_cv_make_support_nested_variables=yes
am_cv_prog_cc_c_o=yes

## ----------------- ##
## Output variables. ##
## ----------------- ##

ACLOCAL='${SHELL} "/media/harry/harry/Network Attacks/bonesi-master/missing" aclocal-1.15'
AMDEPBACKSLASH='\'
AMDEP_FALSE='#'
AMDEP_TRUE=''
AMTAR='$${TAR-tar}'
AM_BACKSLASH='\'
AM_DEFAULT_V='$(AM_DEFAULT_VERBOSITY)'
AM_DEFAULT_VERBOSITY='1'
AM_V='$(V)'
AUTOCONF='${SHELL} "/media/harry/harry/Network Attacks/bonesi-master/missing" autoconf'
AUTOHEADER='${SHELL} "/media/harry/harry/Network Attacks/bonesi-master/missing" autoheader'
AUTOMAKE='${SHELL} "/media/harry/harry/Network Attacks/bonesi-master/missing" automake-1.15'
AWK='gawk'
CC='gcc'
CCDEPMODE='depmode=gcc3'
CFLAGS='-g -O2'
CPP='gcc -E'
CPPFLAGS=''
CYGPATH_W='echo'
DEFS='-DHAVE_CONFIG_H'
DEPDIR='.deps'
ECHO_C=''
ECHO_N='-n'
ECHO_T=''
EGREP='/bin/grep -E'
EXEEXT=''
GREP='/bin/grep'
INSTALL_DATA='${INSTALL} -m 644'
INSTALL_PROGRAM='${INSTALL}'
INSTALL_SCRIPT='${INSTALL}'
INSTALL_STRIP_PROGRAM='$(install_sh) -c -s'
LDFLAGS=''
LIBOBJS=''
LIBS='-lnet -lpthread -lpcap '
LTLIBOBJS=''
MAKEINFO='${SHELL} "/media/harry/harry/Network Attacks/bonesi-master/missing" makeinfo'
MKDIR_P='/bin/mkdir -p'
OBJEXT='o'
PACKAGE='bonesi'
PACKAGE_BUGREPORT='Markus-Go@users.noreply.github.com'
PACKAGE_NAME='BoNeSi'
PACKAGE_STRING='BoNeSi 0.3.1'
PACKAGE_TARNAME='bonesi'
PACKAGE_URL=''
PACKAGE_VERSION='0.3.1'
PATH_SEPARATOR=':'
SET_MAKE=''
SHELL='/bin/bash'
STRIP=''
VERSION='0.3.1'
ac_ct_CC='gcc'
am__EXEEXT_FALSE=''
am__EXEEXT_TRUE='#'
am__fastdepCC_FALSE='#'
am__fastdepCC_TRUE=''
am__include='include'
am__isrc=''
am__leading_dot='.'
am__nodep='_no'
am__quote=''
am__tar='$${TAR-tar} chof - "$$tardir"'
am__untar='$${TAR-tar} xf -'
bindir='${exec_prefix}/bin'
build_alias=''
datadir='${datarootdir}'
datarootdir='${prefix}/share'
docdir='${datarootdir}/doc/${PACKAGE_TARNAME}'
dvidir='${docdir}'
exec_prefix='${prefix}'
host_alias=''
htmldir='${docdir}'
includedir='${prefix}/include'
infodir='${datarootdir}/info'
install_sh='${SHELL} '\''/media/harry/harry/Network Attacks/bonesi-master/install-sh'\'''
libdir='${exec_prefix}/lib'
libexecdir='${exec_prefix}/libexec'
localedir='${datarootdir}/locale'
localstatedir='${prefix}/var'
mandir='${datarootdir}/man'
mkdir_p='$(MKDIR_P)'
oldincludedir='/usr/include'
pdfdir='${docdir}'
prefix='/usr/local'
program_transform_name='s,x,x,'
psdir='${docdir}'
runstatedir='${localstatedir}/run'
sbindir='${exec_prefix}/sbin'
sharedstatedir='${prefix}/com'
sysconfdir='${prefix}/etc'
target_alias=''

## ----------- ##
## confdefs.h. ##
## ----------- ##

/* confdefs.h */
#define PACKAGE_NAME "BoNeSi"
#define PACKAGE_TARNAME "bonesi"
#define PACKAGE_VERSION "0.3.1"
#define PACKAGE_STRING "BoNeSi 0.3.1"
#define PACKAGE_BUGREPORT "Markus-Go@users.noreply.github.com"
#define PACKAGE_URL ""
#define PACKAGE "bonesi"
#define VERSION "0.3.1"
#define HAVE_LIBPCAP 1
#define HAVE_LIBPTHREAD 1
#define HAVE_LIBNET 1
#define STDC_HEADERS 1
#define HAVE_SYS_TYPES_H 1
#define HAVE_SYS_STAT_H 1
#define HAVE_STDLIB_H 1
#define HAVE_STRING_H 1
#define HAVE_MEMORY_H 1
#define HAVE_STRINGS_H 1
#define HAVE_INTTYPES_H 1
#define HAVE_STDINT_H 1
#define HAVE_UNISTD_H 1
#define HAVE_STDLIB_H 1
#define HAVE_STRING_H 1
#define HAVE_UNISTD_H 1
#define HAVE_PTHREAD_H 1
#define HAVE_PCAP_H 1
#define HAVE_LIBNET_H 1
#define TIME_WITH_SYS_TIME 1
#define HAVE_STDLIB_H 1
#define HAVE_MALLOC 1
#define HAVE_BZERO 1
#define HAVE_GETTIMEOFDAY 1
#define HAVE_STRNCASECMP 1
#define HAVE_STRRCHR 1

configure: exit 0
